Welcome to MAGMA v1.07b (linux/s)
Using flags:
	--gene-results /dcl02/lieber/ajaffe/Nick_Clifton/magma/SNP_Data/clozuk_pgc2_ensembl_AllGenes_snp-wise.genes.raw
	--set-annot /dcl02/lieber/ajaffe/SpatialTranscriptomics/HumanPilot/Analysis/Layer_Guesses/MAGMA/laminar_sets.txt gene-col=2 set-col=1
	--out clozuk_pgc2_laminar

Start time is 13:28:19, Thursday 27 Feb 2020

Reading file /dcl02/lieber/ajaffe/Nick_Clifton/magma/SNP_Data/clozuk_pgc2_ensembl_AllGenes_snp-wise.genes.raw... 
	54152 genes read from file
Loading gene-set annotation...
Reading file /dcl02/lieber/ajaffe/SpatialTranscriptomics/HumanPilot/Analysis/Layer_Guesses/MAGMA/laminar_sets.txt... 
	detected 2 variables in file
	using variable: variable 2 (gene ID)
	using variable: variable 1 (set ID)
	WARNING: gene set Set contains no genes defined in genotype data
	16 gene-set definitions read from file
	found 15 gene sets containing genes defined in genotype data (containing a total of 9774 unique genes)
Preparing variables for analysis...
	truncating Z-scores 3 points below zero or 6 standard deviations above the mean
	truncating covariate values more than 5 standard deviations from the mean
	total variables available for analysis: 15 gene sets

Parsing model specifications...
Inverting gene-gene correlation matrix...
